<?xml version="1.0" encoding="ISO-8859-1"?>
<configuration xmlns:xsi="http://www.w3.org/2001/XMLSchema-instance"
	xsi:schemaLocation="http://www.exoplatform.org/xml/ns/kernel_1_2.xsd http://www.exoplatform.org/xml/ns/kernel_1_2.xsd"
	xmlns="http://www.exoplatform.org/xml/ns/kernel_1_2.xsd">
	<component>
		<key>org.exoplatform.services.database.HibernateService</key>
		<jmx-name>database:type=HibernateService</jmx-name>
		<type>org.exoplatform.services.database.impl.HibernateServiceImpl</type>
		<init-params>
			<properties-param>
				<name>hibernate.properties</name>
				<description>Default Hibernate Service</description>
				<property name="hibernate.show_sql" value="false" />
				<property name="hibernate.cglib.use_reflection_optimizer"
					value="true" />
				<property name="hibernate.connection.url"
					value="jdbc:hsqldb:file:target/temp/data/exodb-hibernate" />
				<property name="hibernate.connection.driver_class" value="org.hsqldb.jdbcDriver" />
				<property name="hibernate.connection.autocommit" value="true" />
				<property name="hibernate.connection.username" value="sa" />
				<property name="hibernate.connection.password" value="" />
				<property name="hibernate.cache.region.factory_class"
					value="org.exoplatform.services.database.impl.ExoCacheRegionFactory" />
				<property name="hibernate.cache.use_second_level_cache"
					value="true" />
				<property name="hibernate.cache.use_query_cache" value="true" />
				<property name="hibernate.hbm2ddl.auto" value="update" />
				<property name="hibernate.c3p0.min_size" value="5" />
				<property name="hibernate.c3p0.max_size" value="20" />
				<property name="hibernate.c3p0.timeout" value="1800" />
				<property name="hibernate.c3p0.max_statements" value="50" />
			</properties-param>
		</init-params>
	</component>
	<component>
		<key>org.exoplatform.services.organization.OrganizationService</key>
		<type>org.exoplatform.services.organization.hibernate.OrganizationServiceImpl</type>
	</component>
	<external-component-plugins>
		<target-component>org.exoplatform.services.database.HibernateService</target-component>
		<component-plugin>
			<name>add.hibernate.annotations</name>
			<set-method>addPlugin</set-method>
			<type>org.exoplatform.services.database.impl.AddHibernateMappingPlugin</type>
			<init-params>
				<values-param>
					<name>hibernate.annotations</name>
					<value>org.exoplatform.services.organization.impl.UserImpl</value>
					<value>org.exoplatform.services.organization.impl.MembershipImpl</value>
					<value>org.exoplatform.services.organization.impl.GroupImpl</value>
					<value>org.exoplatform.services.organization.impl.MembershipTypeImpl</value>
					<value>org.exoplatform.services.organization.impl.UserProfileData</value>
				</values-param>
			</init-params>
		</component-plugin>
	</external-component-plugins>
	<import>test-configuration-common.xml</import>
</configuration>
